<?xml version="1.0" encoding="UTF-8"?>
<testsuite name="it.unicam.cs.ids.UrbanUnveil.api.Controller.ContentControllerTest" tests="2" skipped="0" failures="2" errors="0" timestamp="2024-09-23T18:34:24" hostname="FRANCESCOPC" time="0.147">
  <properties/>
  <testcase name="testContentUpload()" classname="it.unicam.cs.ids.UrbanUnveil.api.Controller.ContentControllerTest" time="0.136">
    <failure message="java.lang.AssertionError: Status expected:&lt;200&gt; but was:&lt;400&gt;" type="java.lang.AssertionError">java.lang.AssertionError: Status expected:&lt;200&gt; but was:&lt;400&gt;
	at org.springframework.test.util.AssertionErrors.fail(AssertionErrors.java:59)
	at org.springframework.test.util.AssertionErrors.assertEquals(AssertionErrors.java:122)
	at org.springframework.test.web.servlet.result.StatusResultMatchers.lambda$matcher$9(StatusResultMatchers.java:637)
	at org.springframework.test.web.servlet.MockMvc$1.andExpect(MockMvc.java:214)
	at it.unicam.cs.ids.UrbanUnveil.api.Controller.ContentControllerTest.testContentUpload(ContentControllerTest.java:69)
	at java.base/java.lang.reflect.Method.invoke(Method.java:568)
	at java.base/java.util.ArrayList.forEach(ArrayList.java:1511)
	at java.base/java.util.ArrayList.forEach(ArrayList.java:1511)
</failure>
  </testcase>
  <testcase name="testWriteArticle()" classname="it.unicam.cs.ids.UrbanUnveil.api.Controller.ContentControllerTest" time="0.009">
    <failure message="java.lang.NullPointerException: Cannot invoke &quot;it.unicam.cs.ids.UrbanUnveil.api.models.TextContent.getPath()&quot; because &quot;c&quot; is null" type="java.lang.NullPointerException">java.lang.NullPointerException: Cannot invoke &quot;it.unicam.cs.ids.UrbanUnveil.api.models.TextContent.getPath()&quot; because &quot;c&quot; is null
	at it.unicam.cs.ids.UrbanUnveil.api.services.TextContentService.writeArticle(TextContentService.java:93)
	at it.unicam.cs.ids.UrbanUnveil.api.Controller.ContentControllerTest.testWriteArticle(ContentControllerTest.java:78)
	at java.base/java.lang.reflect.Method.invoke(Method.java:568)
	at java.base/java.util.ArrayList.forEach(ArrayList.java:1511)
	at java.base/java.util.ArrayList.forEach(ArrayList.java:1511)
</failure>
  </testcase>
  <system-out><![CDATA[2024-09-23T20:34:23.632+02:00  INFO 24152 --- [UrbanUnveil] [    Test worker] t.c.s.AnnotationConfigContextLoaderUtils : Could not detect default configuration classes for test class [it.unicam.cs.ids.UrbanUnveil.api.Controller.ContentControllerTest]: ContentControllerTest does not declare any static, non-private, non-final, nested classes annotated with @Configuration.
2024-09-23T20:34:23.656+02:00  INFO 24152 --- [UrbanUnveil] [    Test worker] .b.t.c.SpringBootTestContextBootstrapper : Found @SpringBootConfiguration it.unicam.cs.ids.UrbanUnveil.UrbanUnveilApplication for test class it.unicam.cs.ids.UrbanUnveil.api.Controller.ContentControllerTest

  .   ____          _            __ _ _
 /\\ / ___'_ __ _ _(_)_ __  __ _ \ \ \ \
( ( )\___ | '_ | '_| | '_ \/ _` | \ \ \ \
 \\/  ___)| |_)| | | | | || (_| |  ) ) ) )
  '  |____| .__|_| |_|_| |_\__, | / / / /
 =========|_|==============|___/=/_/_/_/

 :: Spring Boot ::                (v3.3.1)

2024-09-23T20:34:23.684+02:00  WARN 24152 --- [UrbanUnveil] [    Test worker] ory$DuplicateJsonObjectContextCustomizer : 

Found multiple occurrences of org.json.JSONObject on the class path:

	jar:file:/C:/Users/franc/.gradle/caches/modules-2/files-2.1/org.json/json/20211205/47032dcf2f69880f07dab3dc60b4b0ad97318308/json-20211205.jar!/org/json/JSONObject.class
	jar:file:/C:/Users/franc/.gradle/caches/modules-2/files-2.1/com.vaadin.external.google/android-json/0.0.20131108.vaadin1/fa26d351fe62a6a17f5cda1287c1c6110dec413f/android-json-0.0.20131108.vaadin1.jar!/org/json/JSONObject.class

You may wish to exclude one of them to ensure predictable runtime behavior

2024-09-23T20:34:23.686+02:00  INFO 24152 --- [UrbanUnveil] [    Test worker] i.u.c.i.U.a.C.ContentControllerTest      : Starting ContentControllerTest using Java 17.0.11 with PID 24152 (started by franc in C:\Users\franc\git\UrbanUnveilFinal\UrbanUnveil)
2024-09-23T20:34:23.686+02:00  INFO 24152 --- [UrbanUnveil] [    Test worker] i.u.c.i.U.a.C.ContentControllerTest      : No active profile set, falling back to 1 default profile: "default"
2024-09-23T20:34:23.921+02:00  INFO 24152 --- [UrbanUnveil] [    Test worker] .s.d.r.c.RepositoryConfigurationDelegate : Bootstrapping Spring Data JPA repositories in DEFAULT mode.
2024-09-23T20:34:23.947+02:00  INFO 24152 --- [UrbanUnveil] [    Test worker] .s.d.r.c.RepositoryConfigurationDelegate : Finished Spring Data repository scanning in 25 ms. Found 7 JPA repository interfaces.
2024-09-23T20:34:24.056+02:00  INFO 24152 --- [UrbanUnveil] [    Test worker] com.zaxxer.hikari.HikariDataSource       : HikariPool-2 - Starting...
2024-09-23T20:34:24.057+02:00  INFO 24152 --- [UrbanUnveil] [    Test worker] com.zaxxer.hikari.pool.HikariPool        : HikariPool-2 - Added connection conn10: url=jdbc:h2:mem:testdb user=USER
2024-09-23T20:34:24.058+02:00  INFO 24152 --- [UrbanUnveil] [    Test worker] com.zaxxer.hikari.HikariDataSource       : HikariPool-2 - Start completed.
2024-09-23T20:34:24.060+02:00  INFO 24152 --- [UrbanUnveil] [    Test worker] o.hibernate.jpa.internal.util.LogHelper  : HHH000204: Processing PersistenceUnitInfo [name: default]
2024-09-23T20:34:24.063+02:00  INFO 24152 --- [UrbanUnveil] [    Test worker] o.h.c.internal.RegionFactoryInitiator    : HHH000026: Second-level cache disabled
2024-09-23T20:34:24.077+02:00  INFO 24152 --- [UrbanUnveil] [    Test worker] o.s.o.j.p.SpringPersistenceUnitInfo      : No LoadTimeWeaver setup: ignoring JPA class transformer
2024-09-23T20:34:24.079+02:00  WARN 24152 --- [UrbanUnveil] [    Test worker] org.hibernate.orm.deprecation            : HHH90000025: H2Dialect does not need to be specified explicitly using 'hibernate.dialect' (remove the property setting and it will be selected by default)
2024-09-23T20:34:24.224+02:00  INFO 24152 --- [UrbanUnveil] [    Test worker] o.h.e.t.j.p.i.JtaPlatformInitiator       : HHH000489: No JTA platform available (set 'hibernate.transaction.jta.platform' to enable JTA platform integration)
2024-09-23T20:34:24.250+02:00  INFO 24152 --- [UrbanUnveil] [    Test worker] j.LocalContainerEntityManagerFactoryBean : Initialized JPA EntityManagerFactory for persistence unit 'default'
2024-09-23T20:34:24.371+02:00  WARN 24152 --- [UrbanUnveil] [    Test worker] JpaBaseConfiguration$JpaWebConfiguration : spring.jpa.open-in-view is enabled by default. Therefore, database queries may be performed during view rendering. Explicitly configure spring.jpa.open-in-view to disable this warning
2024-09-23T20:34:24.445+02:00  WARN 24152 --- [UrbanUnveil] [    Test worker] ion$DefaultTemplateResolverConfiguration : Cannot find template location: classpath:/templates/ (please add some templates, check your Thymeleaf configuration, or set spring.thymeleaf.check-template-location=false)
2024-09-23T20:34:24.463+02:00  INFO 24152 --- [UrbanUnveil] [    Test worker] o.s.b.a.h2.H2ConsoleAutoConfiguration    : H2 console available at '/h2-console'. Database available at 'jdbc:h2:mem:testdb'
2024-09-23T20:34:24.500+02:00  INFO 24152 --- [UrbanUnveil] [    Test worker] o.s.b.t.m.w.SpringBootMockServletContext : Initializing Spring TestDispatcherServlet ''
2024-09-23T20:34:24.501+02:00  INFO 24152 --- [UrbanUnveil] [    Test worker] o.s.t.web.servlet.TestDispatcherServlet  : Initializing Servlet ''
2024-09-23T20:34:24.503+02:00  INFO 24152 --- [UrbanUnveil] [    Test worker] o.s.t.web.servlet.TestDispatcherServlet  : Completed initialization in 1 ms
2024-09-23T20:34:24.514+02:00  INFO 24152 --- [UrbanUnveil] [    Test worker] i.u.c.i.U.a.C.ContentControllerTest      : Started ContentControllerTest in 0.854 seconds (process running for 8.808)
2024-09-23T20:34:24.637+02:00  WARN 24152 --- [UrbanUnveil] [    Test worker] .w.s.m.s.DefaultHandlerExceptionResolver : Resolved [org.springframework.web.bind.MissingServletRequestParameterException: Required request parameter 'content' for method parameter type String is not present]

MockHttpServletRequest:
      HTTP Method = POST
      Request URI = /content/uploadContent
       Parameters = {contnet=[{
  "publisher" : {
    "id" : 1,
    "name" : "Mattia",
    "surname" : "Luciani",
    "email" : "mattia@boh.it",
    "password" : "1234",
    "role" : "TOURIST",
    "cf" : "MNBHDGE",
    "empty" : false
  },
  "state" : "WAITING",
  "title" : "Test Title",
  "descr" : "Test Description",
  "path" : "",
  "contenttype" : "text/plain",
  "empty" : false,
  "id" : null
}]}
          Headers = [Content-Type:"multipart/form-data;charset=UTF-8"]
             Body = null
    Session Attrs = {}

Handler:
             Type = it.unicam.cs.ids.UrbanUnveil.api.Controller.ContentController
           Method = it.unicam.cs.ids.UrbanUnveil.api.Controller.ContentController#ContentUpload(String, MultipartFile)

Async:
    Async started = false
     Async result = null

Resolved Exception:
             Type = org.springframework.web.bind.MissingServletRequestParameterException

ModelAndView:
        View name = null
             View = null
            Model = null

FlashMap:
       Attributes = null

MockHttpServletResponse:
           Status = 400
    Error message = Required parameter 'content' is not present.
          Headers = []
     Content type = null
             Body = 
    Forwarded URL = null
   Redirected URL = null
          Cookies = []
]]></system-out>
  <system-err><![CDATA[]]></system-err>
</testsuite>
